\BOOKMARK [1][-]{section.1}{8.1\040Analysing\040the\040Relationship\040Between\040Friends\040and\040Followers\040for\040Twitter\040Users}{}% 1
\BOOKMARK [2][-]{subsection.1.1}{8.1.1\040Retrieve\040the\040posts\040from\040Twitter}{section.1}% 2
\BOOKMARK [2][-]{subsection.1.2}{8.2.2\040Count\040of\040Followers\040and\040Friends}{section.1}% 3
\BOOKMARK [2][-]{subsection.1.3}{8.1.3\040Summary\040Statistics}{section.1}% 4
\BOOKMARK [2][-]{subsection.1.4}{8.1.4\040Above\040Average\040Followers}{section.1}% 5
\BOOKMARK [2][-]{subsection.1.5}{8.1.5\040Bootstrap\040confidence\040intervals}{section.1}% 6
\BOOKMARK [3][-]{subsubsection.1.5.1}{a/b.\)\040Generate\040a\040bootsrap\040distribution}{subsection.1.5}% 7
\BOOKMARK [3][-]{subsubsection.1.5.2}{c.\)\040Estimate\040a\040Confidence\040Interval\040for\040the\040population\040mean\040Follower\040Counts}{subsection.1.5}% 8
\BOOKMARK [3][-]{subsubsection.1.5.3}{d.\)\040Estimate\040a\040Confidence\040Interval\040for\040the\040population\040mean\040Friend\040Counts}{subsection.1.5}% 9
\BOOKMARK [2][-]{subsection.1.6}{FIXME\0408.1.6\040Estimate\040a\04097\045\040Confidence\040Interval\040for\040the\040High\040Friend\040Count\040Proportion}{section.1}% 10
\BOOKMARK [2][-]{subsection.1.7}{8.1.7\040Is\040the\040Number\040of\040Friends\040Independent\040to\040the\040Number\040of\040Followers}{section.1}% 11
\BOOKMARK [3][-]{subsubsection.1.7.1}{Bin\040the\040Follower\040and\040Friend\040Categories}{subsection.1.7}% 12
\BOOKMARK [3][-]{subsubsection.1.7.2}{Find\040the\040Group\040frequency}{subsection.1.7}% 13
\BOOKMARK [3][-]{subsubsection.1.7.3}{Find\040the\040Expected\040Counts\040under\040each\040group\040and\040test\040for\040independence}{subsection.1.7}% 14
\BOOKMARK [3][-]{subsubsection.1.7.4}{FIXME\040Conclusion}{subsection.1.7}% 15
\BOOKMARK [1][-]{section.2}{8.2\040Finding\040Themes\040in\040tweets}{}% 16
\BOOKMARK [2][-]{subsection.2.1}{8.2.8\040Find\040Users\040with\040Above\040Average\040Friend\040Counts}{section.2}% 17
\BOOKMARK [2][-]{subsection.2.2}{8.2.9\040Find\040Users\040with\040Below\040Average\040Friend\040Counts}{section.2}% 18
\BOOKMARK [2][-]{subsection.2.3}{8.2.10\040Find\040the\040Tweets\040corresponding\040to\040users\040with\040high\040or\040low\040friend\040counts}{section.2}% 19
\BOOKMARK [2][-]{subsection.2.4}{8.2.11\040Clean\040the\040tweets}{section.2}% 20
\BOOKMARK [3][-]{subsubsection.2.4.1}{Create\040a\040Corpus\040Object}{subsection.2.4}% 21
\BOOKMARK [3][-]{subsubsection.2.4.2}{Process\040the\040tweets}{subsection.2.4}% 22
\BOOKMARK [2][-]{subsection.2.5}{8.2.12\040Display\040the\040first\040two\040tweets\040before/after\040processing}{section.2}% 23
\BOOKMARK [2][-]{subsection.2.6}{8.2.13\040Create\040a\040Term\040Document\040Matrix}{section.2}% 24
\BOOKMARK [3][-]{subsubsection.2.6.1}{Apply\040Weighting\040Manually}{subsection.2.6}% 25
\BOOKMARK [3][-]{subsubsection.2.6.2}{Apply\040Weighting\040with\040Built\040in\040Function}{subsection.2.6}% 26
\BOOKMARK [3][-]{subsubsection.2.6.3}{Remove\040Empty\040Documents}{subsection.2.6}% 27
\BOOKMARK [2][-]{subsection.2.7}{8.2.14\040How\040many\040Clusters\040are\040there}{section.2}% 28
\BOOKMARK [3][-]{subsubsection.2.7.1}{Use\040Cosine\040Distance}{subsection.2.7}% 29
\BOOKMARK [3][-]{subsubsection.2.7.2}{Project\040into\040Euclidean\040Space}{subsection.2.7}% 30
\BOOKMARK [3][-]{subsubsection.2.7.3}{Measure\040Within\040Cluster\040Variance}{subsection.2.7}% 31
\BOOKMARK [2][-]{subsection.2.8}{8.2.15\040Find\040the\040Number\040of\040tweets\040in\040each\040cluster}{section.2}% 32
\BOOKMARK [2][-]{subsection.2.9}{8.2.16\040Visualise\040the\040Clusters}{section.2}% 33
\BOOKMARK [2][-]{subsection.2.10}{8.2.17\040Comment\040on\040the\040Visualisation}{section.2}% 34
\BOOKMARK [2][-]{subsection.2.11}{8.2.18\040Cluster\040with\040Highest\040Number\040Friends}{section.2}% 35
\BOOKMARK [2][-]{subsection.2.12}{8.2.18\040Sample\040Tweets\040from\040cluster}{section.2}% 36
\BOOKMARK [2][-]{subsection.2.13}{8.2.19\040Identify\040themes\040in\040the\040Tweets}{section.2}% 37
\BOOKMARK [2][-]{subsection.2.14}{8.2.20\040Create\040WordClouds}{section.2}% 38
\BOOKMARK [1][-]{section.3}{Appendix}{}% 39
\BOOKMARK [2][-]{subsection.3.1}{Users\040with\040High\040Friend\040Count}{section.3}% 40
\BOOKMARK [2][-]{subsection.3.2}{Users\040with\040Low\040Friend\040Count}{section.3}% 41
\BOOKMARK [2][-]{subsection.3.3}{TF-IDF\040Matrix}{section.3}% 42
\BOOKMARK [2][-]{subsection.3.4}{Relevant\040XKCD}{section.3}% 43
